<?xml version="1.0" encoding="UTF-8"?>
<!-- Generated by org.testng.reporters.JUnitXMLReporter -->
<testsuite ignored="0" hostname="LAPTOP-PF26IT9U" failures="0" tests="6" name="TestChrome" time="72.632" errors="0" timestamp="2026-03-15T10:37:20 IST">
  <testcase classname="com.testing.tests.LoginTest" name="loginWithUsernamePassword" time="5.35"/>
  <testcase classname="com.testing.tests.LoginTest" name="loginWithUsernamePassword" time="6.731"/>
  <testcase classname="com.testing.tests.LoginTest" name="loginWithUsernamePassword" time="3.004"/>
  <testcase classname="com.testing.tests.LoginTest" name="loginWithUsernamePassword" time="3.025"/>
  <testcase classname="com.testing.tests.LoginTest" name="loginWithUsernamePassword" time="0.756"/>
  <testcase classname="com.testing.tests.LoginTest" name="loginWithUsernamePassword" time="0.889"/>
</testsuite> <!-- TestChrome -->
