<?xml version="1.0" encoding="UTF-8"?>
<!-- Generated by org.testng.reporters.JUnitXMLReporter -->
<testsuite ignored="0" hostname="LAPTOP-PF26IT9U" failures="0" tests="6" name="TestEdge" time="81.505" errors="0" timestamp="2026-03-15T10:37:28 IST">
  <testcase classname="com.testing.tests.LoginTest" name="loginWithUsernamePassword" time="5.78"/>
  <testcase classname="com.testing.tests.LoginTest" name="loginWithUsernamePassword" time="6.195"/>
  <testcase classname="com.testing.tests.LoginTest" name="loginWithUsernamePassword" time="3.15"/>
  <testcase classname="com.testing.tests.LoginTest" name="loginWithUsernamePassword" time="3.118"/>
  <testcase classname="com.testing.tests.LoginTest" name="loginWithUsernamePassword" time="0.813"/>
  <testcase classname="com.testing.tests.LoginTest" name="loginWithUsernamePassword" time="0.786"/>
</testsuite> <!-- TestEdge -->
