<?xml version="1.0" encoding="UTF-8"?>
<!-- Generated by org.testng.reporters.JUnitXMLReporter -->
<testsuite ignored="0" hostname="LAPTOP-PF26IT9U" failures="3" tests="9" name="Test" time="83.792" errors="0" timestamp="2026-03-10T19:00:11 IST">
  <testcase classname="com.testing.tests.LoginTest" name="loginWithUsernamePassword" time="4.49"/>
  <testcase classname="com.testing.tests.LoginTest" name="loginWithUsernamePassword" time="5.29"/>
  <testcase classname="com.testing.tests.LoginTest" name="loginWithUsernamePassword" time="2.867"/>
  <testcase classname="com.testing.tests.LoginTest" name="loginWithUsernamePassword" time="2.89"/>
  <testcase classname="com.testing.tests.LoginTest" name="loginWithUsernamePassword" time="0.692"/>
  <testcase classname="com.testing.tests.LoginTest" name="loginWithUsernamePassword" time="0.731"/>
  <testcase classname="com.testing.tests.LoginTest" name="loginWithUsernamePassword" time="0.824">
    <failure type="java.lang.AssertionError" message="expected [Student] but found [Empty username/password.]">
      <![CDATA[java.lang.AssertionError: expected [Student] but found [Empty username/password.]
at com.testing.tests.LoginTest.loginWithUsernamePassword(LoginTest.java:39)
at java.base/java.util.ArrayList.forEach(ArrayList.java:1604)
... Removed 31 stack frames]]>
    </failure>
  </testcase> <!-- loginWithUsernamePassword -->
  <testcase classname="com.testing.tests.LoginTest" name="loginWithUsernamePassword" time="0.859">
    <failure type="java.lang.AssertionError" message="expected [Teacher] but found [Empty username/password.]">
      <![CDATA[java.lang.AssertionError: expected [Teacher] but found [Empty username/password.]
at com.testing.tests.LoginTest.loginWithUsernamePassword(LoginTest.java:39)
at java.base/java.util.ArrayList.forEach(ArrayList.java:1604)
... Removed 31 stack frames]]>
    </failure>
  </testcase> <!-- loginWithUsernamePassword -->
  <testcase classname="com.testing.tests.LoginTest" name="loginWithUsernamePassword" time="0.861">
    <failure type="java.lang.AssertionError" message="expected [Consultant] but found [Empty username/password.]">
      <![CDATA[java.lang.AssertionError: expected [Consultant] but found [Empty username/password.]
at com.testing.tests.LoginTest.loginWithUsernamePassword(LoginTest.java:39)
at java.base/java.util.ArrayList.forEach(ArrayList.java:1604)
... Removed 31 stack frames]]>
    </failure>
  </testcase> <!-- loginWithUsernamePassword -->
</testsuite> <!-- Test -->
