<?xml version="1.0" encoding="UTF-8"?>
<!-- Generated by org.testng.reporters.JUnitXMLReporter -->
<testsuite ignored="0" hostname="LAPTOP-PF26IT9U" failures="0" tests="7" name="TestChrome" time="232.407" errors="0" timestamp="2026-03-20T10:49:05 IST">
  <testcase classname="com.testing.tests.LoginTest" name="loginWithUsernamePassword" time="8.096"/>
  <testcase classname="com.testing.tests.LoginTest" name="loginWithUsernamePassword" time="8.96"/>
  <testcase classname="com.testing.tests.LoginTest" name="loginWithUsernamePassword" time="3.319"/>
  <testcase classname="com.testing.tests.LoginTest" name="loginWithUsernamePassword" time="3.332"/>
  <testcase classname="com.testing.tests.LoginTest" name="loginWithUsernamePassword" time="0.915"/>
  <testcase classname="com.testing.tests.LoginTest" name="loginWithUsernamePassword" time="0.942"/>
  <testcase classname="com.testing.tests.LoginTest" name="testLogin" time="0.001"/>
</testsuite> <!-- TestChrome -->
