<?xml version="1.0" encoding="UTF-8"?>
<!-- Generated by org.testng.reporters.JUnitXMLReporter -->
<testsuite ignored="0" hostname="LAPTOP-PF26IT9U" failures="0" tests="7" name="TestChrome" time="65.72" errors="0" timestamp="2026-03-18T13:22:39 IST">
  <testcase classname="com.testing.tests.LoginTest" name="loginWithUsernamePassword" time="3.883"/>
  <testcase classname="com.testing.tests.LoginTest" name="loginWithUsernamePassword" time="5.07"/>
  <testcase classname="com.testing.tests.LoginTest" name="loginWithUsernamePassword" time="2.817"/>
  <testcase classname="com.testing.tests.LoginTest" name="loginWithUsernamePassword" time="3.252"/>
  <testcase classname="com.testing.tests.LoginTest" name="loginWithUsernamePassword" time="0.58"/>
  <testcase classname="com.testing.tests.LoginTest" name="loginWithUsernamePassword" time="0.674"/>
  <testcase classname="com.testing.tests.LoginTest" name="testLogin" time="0.001"/>
</testsuite> <!-- TestChrome -->
