<?xml version="1.0" encoding="UTF-8"?>
<!-- Generated by org.testng.reporters.JUnitXMLReporter -->
<testsuite ignored="0" hostname="LAPTOP-PF26IT9U" failures="0" tests="7" name="TestEdge" time="369.786" errors="0" timestamp="2026-03-20T10:51:22 IST">
  <testcase classname="com.testing.tests.LoginTest" name="loginWithUsernamePassword" time="19.307"/>
  <testcase classname="com.testing.tests.LoginTest" name="loginWithUsernamePassword" time="7.064"/>
  <testcase classname="com.testing.tests.LoginTest" name="loginWithUsernamePassword" time="3.001"/>
  <testcase classname="com.testing.tests.LoginTest" name="loginWithUsernamePassword" time="3.346"/>
  <testcase classname="com.testing.tests.LoginTest" name="loginWithUsernamePassword" time="1.204"/>
  <testcase classname="com.testing.tests.LoginTest" name="loginWithUsernamePassword" time="1.046"/>
  <testcase classname="com.testing.tests.LoginTest" name="testLogin" time="0.0"/>
</testsuite> <!-- TestEdge -->
