<?xml version="1.0" encoding="UTF-8"?>
<!-- Generated by org.testng.reporters.JUnitXMLReporter -->
<testsuite ignored="0" hostname="LAPTOP-PF26IT9U" failures="0" tests="7" name="TestEdge" time="76.717" errors="0" timestamp="2026-03-18T13:22:50 IST">
  <testcase classname="com.testing.tests.LoginTest" name="loginWithUsernamePassword" time="4.328"/>
  <testcase classname="com.testing.tests.LoginTest" name="loginWithUsernamePassword" time="6.031"/>
  <testcase classname="com.testing.tests.LoginTest" name="loginWithUsernamePassword" time="3.108"/>
  <testcase classname="com.testing.tests.LoginTest" name="loginWithUsernamePassword" time="2.899"/>
  <testcase classname="com.testing.tests.LoginTest" name="loginWithUsernamePassword" time="0.696"/>
  <testcase classname="com.testing.tests.LoginTest" name="loginWithUsernamePassword" time="0.61"/>
  <testcase classname="com.testing.tests.LoginTest" name="testLogin" time="0.015"/>
</testsuite> <!-- TestEdge -->
