<?xml version="1.0" encoding="UTF-8"?>
<testsuite xmlns:xsi="http://www.w3.org/2001/XMLSchema-instance" xsi:noNamespaceSchemaLocation="https://maven.apache.org/surefire/maven-surefire-plugin/xsd/surefire-test-report.xsd" version="3.0.1" name="TestSuite" time="77.621" tests="14" errors="0" skipped="0" failures="0">
  <properties>
[...]
</properties>
  <testcase name="loginWithUsernamePassword[rahulshettyacademy, Learning@830$3mK2, admin, , Success, ](1)" classname="com.testing.tests.LoginTest" time="3.04">
    <system-out><![CDATA[2026-03-18T07:51:33.752628700Z TestNG-tests-1 ERROR Log4j API could not find a logging provider.
6 6
6 6
Start flushed
Start flushed
Passed flushed
]]></system-out>
    <system-err><![CDATA[SLF4J(W): No SLF4J providers were found.
SLF4J(W): Defaulting to no-operation (NOP) logger implementation
SLF4J(W): See https://www.slf4j.org/codes.html#noProviders for further details.
Mar 18, 2026 1:21:37 PM org.openqa.selenium.devtools.CdpVersionFinder findNearestMatch
WARNING: Unable to find CDP implementation matching 134
Mar 18, 2026 1:21:37 PM org.openqa.selenium.chromium.ChromiumDriver lambda$new$4
WARNING: Unable to find version of CDP to use for 134.0.3124.51. You may need to include a dependency on a specific version of the CDP using something similar to `org.seleniumhq.selenium:selenium-devtools-v86:4.41.0` where the version ("v86") matches the version of the chromium-based browser you're using and the version number of the artifact is the same as Selenium's.
Mar 18, 2026 1:21:38 PM org.openqa.selenium.devtools.CdpVersionFinder findNearestMatch
WARNING: Unable to find an exact match for CDP version 146, returning the closest version; found: 145; Please update to a Selenium version that supports CDP version 146
]]></system-err>
  </testcase>
  <testcase name="loginWithUsernamePassword[rahulshettyacademy, Learning@830$3mK2, admin, , Success, ](1)" classname="com.testing.tests.LoginTest" time="3.883">
    <system-out><![CDATA[Passed flushed
]]></system-out>
  </testcase>
  <testcase name="loginWithUsernamePassword[rahulshettyacademy, Learning@830$3mK2, user, , Success, ](2)" classname="com.testing.tests.LoginTest" time="3.474">
    <system-out><![CDATA[Start flushed
Start flushed
Passed flushed
]]></system-out>
    <system-err><![CDATA[Mar 18, 2026 1:21:49 PM org.openqa.selenium.devtools.CdpVersionFinder findNearestMatch
WARNING: Unable to find an exact match for CDP version 146, returning the closest version; found: 145; Please update to a Selenium version that supports CDP version 146
Mar 18, 2026 1:21:50 PM org.openqa.selenium.devtools.CdpVersionFinder findNearestMatch
WARNING: Unable to find CDP implementation matching 134
Mar 18, 2026 1:21:50 PM org.openqa.selenium.chromium.ChromiumDriver lambda$new$4
WARNING: Unable to find version of CDP to use for 134.0.3124.51. You may need to include a dependency on a specific version of the CDP using something similar to `org.seleniumhq.selenium:selenium-devtools-v86:4.41.0` where the version ("v86") matches the version of the chromium-based browser you're using and the version number of the artifact is the same as Selenium's.
]]></system-err>
  </testcase>
  <testcase name="loginWithUsernamePassword[rahulshettyacademy, Learning@830$3mK2, user, , Success, ](2)" classname="com.testing.tests.LoginTest" time="6.032">
    <system-out><![CDATA[Passed flushed
]]></system-out>
    <system-err><![CDATA[Mar 18, 2026 1:22:01 PM org.openqa.selenium.devtools.CdpVersionFinder findNearestMatch
WARNING: Unable to find an exact match for CDP version 146, returning the closest version; found: 145; Please update to a Selenium version that supports CDP version 146
]]></system-err>
  </testcase>
  <testcase name="loginWithUsernamePassword[wronguser, wrongpassword, , , error, Incorrect username/password.](3)" classname="com.testing.tests.LoginTest" time="2.818">
    <system-out><![CDATA[Start flushed
Passed flushed
]]></system-out>
    <system-err><![CDATA[Mar 18, 2026 1:22:04 PM org.openqa.selenium.devtools.CdpVersionFinder findNearestMatch
WARNING: Unable to find CDP implementation matching 134
Mar 18, 2026 1:22:04 PM org.openqa.selenium.chromium.ChromiumDriver lambda$new$4
WARNING: Unable to find version of CDP to use for 134.0.3124.51. You may need to include a dependency on a specific version of the CDP using something similar to `org.seleniumhq.selenium:selenium-devtools-v86:4.41.0` where the version ("v86") matches the version of the chromium-based browser you're using and the version number of the artifact is the same as Selenium's.
]]></system-err>
  </testcase>
  <testcase name="loginWithUsernamePassword[wronguser, wrongpassword, , , error, Incorrect username/password.](3)" classname="com.testing.tests.LoginTest" time="3.109">
    <system-out><![CDATA[Start flushed
Passed flushed
]]></system-out>
    <system-err><![CDATA[Mar 18, 2026 1:22:10 PM org.openqa.selenium.devtools.CdpVersionFinder findNearestMatch
WARNING: Unable to find an exact match for CDP version 146, returning the closest version; found: 145; Please update to a Selenium version that supports CDP version 146
]]></system-err>
  </testcase>
  <testcase name="loginWithUsernamePassword[rahulshettyacademy, wrongpassword, , , error, Incorrect username/password.](4)" classname="com.testing.tests.LoginTest" time="3.253">
    <system-out><![CDATA[Start flushed
Passed flushed
]]></system-out>
    <system-err><![CDATA[Mar 18, 2026 1:22:14 PM org.openqa.selenium.devtools.CdpVersionFinder findNearestMatch
WARNING: Unable to find CDP implementation matching 134
Mar 18, 2026 1:22:14 PM org.openqa.selenium.chromium.ChromiumDriver lambda$new$4
WARNING: Unable to find version of CDP to use for 134.0.3124.51. You may need to include a dependency on a specific version of the CDP using something similar to `org.seleniumhq.selenium:selenium-devtools-v86:4.41.0` where the version ("v86") matches the version of the chromium-based browser you're using and the version number of the artifact is the same as Selenium's.
]]></system-err>
  </testcase>
  <testcase name="loginWithUsernamePassword[rahulshettyacademy, wrongpassword, , , error, Incorrect username/password.](4)" classname="com.testing.tests.LoginTest" time="2.898">
    <system-out><![CDATA[Start flushed
Passed flushed
]]></system-out>
    <system-err><![CDATA[Mar 18, 2026 1:22:18 PM org.openqa.selenium.devtools.CdpVersionFinder findNearestMatch
WARNING: Unable to find an exact match for CDP version 146, returning the closest version; found: 145; Please update to a Selenium version that supports CDP version 146
]]></system-err>
  </testcase>
  <testcase name="loginWithUsernamePassword[, , , , error, Empty username/password.](5)" classname="com.testing.tests.LoginTest" time="0.58">
    <system-out><![CDATA[Start flushed
Passed flushed
]]></system-out>
  </testcase>
  <testcase name="loginWithUsernamePassword[, , , , error, Empty username/password.](5)" classname="com.testing.tests.LoginTest" time="0.693">
    <system-out><![CDATA[Passed flushed
]]></system-out>
  </testcase>
  <testcase name="loginWithUsernamePassword[rahulshettyacademy, , , , error, Empty username/password.](6)" classname="com.testing.tests.LoginTest" time="0.589">
    <system-out><![CDATA[Start flushed
Start flushed
Passed flushed
]]></system-out>
    <system-err><![CDATA[Mar 18, 2026 1:22:26 PM org.openqa.selenium.devtools.CdpVersionFinder findNearestMatch
WARNING: Unable to find an exact match for CDP version 146, returning the closest version; found: 145; Please update to a Selenium version that supports CDP version 146
Mar 18, 2026 1:22:26 PM org.openqa.selenium.devtools.CdpVersionFinder findNearestMatch
WARNING: Unable to find CDP implementation matching 134
Mar 18, 2026 1:22:26 PM org.openqa.selenium.chromium.ChromiumDriver lambda$new$4
WARNING: Unable to find version of CDP to use for 134.0.3124.51. You may need to include a dependency on a specific version of the CDP using something similar to `org.seleniumhq.selenium:selenium-devtools-v86:4.41.0` where the version ("v86") matches the version of the chromium-based browser you're using and the version number of the artifact is the same as Selenium's.
]]></system-err>
  </testcase>
  <testcase name="loginWithUsernamePassword[rahulshettyacademy, , , , error, Empty username/password.](6)" classname="com.testing.tests.LoginTest" time="0.61">
    <system-out><![CDATA[Finish flushed
Start flushed
Passed flushed
]]></system-out>
  </testcase>
  <testcase name="testLogin" classname="com.testing.tests.LoginTest" time="0.001">
    <system-out><![CDATA[Start flushed
Running Test
Passed flushed
]]></system-out>
    <system-err><![CDATA[Mar 18, 2026 1:22:34 PM org.openqa.selenium.devtools.CdpVersionFinder findNearestMatch
WARNING: Unable to find an exact match for CDP version 146, returning the closest version; found: 145; Please update to a Selenium version that supports CDP version 146
Mar 18, 2026 1:22:35 PM org.openqa.selenium.devtools.CdpVersionFinder findNearestMatch
WARNING: Unable to find CDP implementation matching 134
Mar 18, 2026 1:22:35 PM org.openqa.selenium.chromium.ChromiumDriver lambda$new$4
WARNING: Unable to find version of CDP to use for 134.0.3124.51. You may need to include a dependency on a specific version of the CDP using something similar to `org.seleniumhq.selenium:selenium-devtools-v86:4.41.0` where the version ("v86") matches the version of the chromium-based browser you're using and the version number of the artifact is the same as Selenium's.
]]></system-err>
  </testcase>
  <testcase name="testLogin" classname="com.testing.tests.LoginTest" time="0.002">
    <system-out><![CDATA[Start flushed
Running Test
Passed flushed
]]></system-out>
    <system-err><![CDATA[Mar 18, 2026 1:22:43 PM org.openqa.selenium.devtools.CdpVersionFinder findNearestMatch
WARNING: Unable to find CDP implementation matching 134
Mar 18, 2026 1:22:43 PM org.openqa.selenium.chromium.ChromiumDriver lambda$new$4
WARNING: Unable to find version of CDP to use for 134.0.3124.51. You may need to include a dependency on a specific version of the CDP using something similar to `org.seleniumhq.selenium:selenium-devtools-v86:4.41.0` where the version ("v86") matches the version of the chromium-based browser you're using and the version number of the artifact is the same as Selenium's.
]]></system-err>
  </testcase>
</testsuite>