<?xml version="1.0" encoding="UTF-8"?>
<testng-results ignored="0" total="14" passed="14" failed="0" skipped="0">
  <reporter-output>
  </reporter-output>
  <suite started-at="2026-03-18T13:21:33 IST" name="Suite" finished-at="2026-03-18T13:22:50 IST" duration-ms="76718">
    <groups>
    </groups>
    <test started-at="2026-03-18T13:21:33 IST" name="TestChrome" finished-at="2026-03-18T13:22:39 IST" duration-ms="65720">
      <class name="com.testing.tests.LoginTest">
        <test-method is-config="true" signature="setup(java.lang.String,java.lang.String)[pri:0, instance:com.testing.tests.LoginTest@4d5650ae]" started-at="2026-03-18T13:21:34 IST" name="setup" finished-at="2026-03-18T13:21:43 IST" duration-ms="8788" status="PASS">
          <params>
            <param index="0">
              <value>
                <![CDATA[chrome]]>
              </value>
            </param>
            <param index="1">
              <value>
                <![CDATA[local]]>
              </value>
            </param>
          </params>
          <reporter-output>
          </reporter-output>
        </test-method> <!-- setup -->
        <test-method signature="loginWithUsernamePassword(java.lang.String,java.lang.String,java.lang.String,java.lang.String,java.lang.String,java.lang.String)[pri:0, instance:com.testing.tests.LoginTest@4d5650ae]" started-at="2026-03-18T13:21:43 IST" name="loginWithUsernamePassword" data-provider="loginData" finished-at="2026-03-18T13:21:47 IST" duration-ms="3883" status="PASS">
          <params>
            <param index="0">
              <value>
                <![CDATA[rahulshettyacademy]]>
              </value>
            </param>
            <param index="1">
              <value>
                <![CDATA[Learning@830$3mK2]]>
              </value>
            </param>
            <param index="2">
              <value>
                <![CDATA[admin]]>
              </value>
            </param>
            <param index="3">
              <value>
                <![CDATA[]]>
              </value>
            </param>
            <param index="4">
              <value>
                <![CDATA[Success]]>
              </value>
            </param>
            <param index="5">
              <value>
                <![CDATA[]]>
              </value>
            </param>
          </params>
          <reporter-output>
          </reporter-output>
        </test-method> <!-- loginWithUsernamePassword -->
        <test-method is-config="true" signature="tearDown()[pri:0, instance:com.testing.tests.LoginTest@4d5650ae]" started-at="2026-03-18T13:21:47 IST" name="tearDown" finished-at="2026-03-18T13:21:47 IST" duration-ms="181" status="PASS">
          <reporter-output>
          </reporter-output>
        </test-method> <!-- tearDown -->
        <test-method is-config="true" signature="setup(java.lang.String,java.lang.String)[pri:0, instance:com.testing.tests.LoginTest@4d5650ae]" started-at="2026-03-18T13:21:47 IST" name="setup" finished-at="2026-03-18T13:21:54 IST" duration-ms="6687" status="PASS">
          <params>
            <param index="0">
              <value>
                <![CDATA[chrome]]>
              </value>
            </param>
            <param index="1">
              <value>
                <![CDATA[local]]>
              </value>
            </param>
          </params>
          <reporter-output>
          </reporter-output>
        </test-method> <!-- setup -->
        <test-method signature="loginWithUsernamePassword(java.lang.String,java.lang.String,java.lang.String,java.lang.String,java.lang.String,java.lang.String)[pri:0, instance:com.testing.tests.LoginTest@4d5650ae]" started-at="2026-03-18T13:21:54 IST" name="loginWithUsernamePassword" data-provider="loginData" finished-at="2026-03-18T13:21:59 IST" duration-ms="5070" status="PASS">
          <params>
            <param index="0">
              <value>
                <![CDATA[rahulshettyacademy]]>
              </value>
            </param>
            <param index="1">
              <value>
                <![CDATA[Learning@830$3mK2]]>
              </value>
            </param>
            <param index="2">
              <value>
                <![CDATA[user]]>
              </value>
            </param>
            <param index="3">
              <value>
                <![CDATA[]]>
              </value>
            </param>
            <param index="4">
              <value>
                <![CDATA[Success]]>
              </value>
            </param>
            <param index="5">
              <value>
                <![CDATA[]]>
              </value>
            </param>
          </params>
          <reporter-output>
          </reporter-output>
        </test-method> <!-- loginWithUsernamePassword -->
        <test-method is-config="true" signature="tearDown()[pri:0, instance:com.testing.tests.LoginTest@4d5650ae]" started-at="2026-03-18T13:21:59 IST" name="tearDown" finished-at="2026-03-18T13:21:59 IST" duration-ms="674" status="PASS">
          <reporter-output>
          </reporter-output>
        </test-method> <!-- tearDown -->
        <test-method is-config="true" signature="setup(java.lang.String,java.lang.String)[pri:0, instance:com.testing.tests.LoginTest@4d5650ae]" started-at="2026-03-18T13:21:59 IST" name="setup" finished-at="2026-03-18T13:22:06 IST" duration-ms="6467" status="PASS">
          <params>
            <param index="0">
              <value>
                <![CDATA[chrome]]>
              </value>
            </param>
            <param index="1">
              <value>
                <![CDATA[local]]>
              </value>
            </param>
          </params>
          <reporter-output>
          </reporter-output>
        </test-method> <!-- setup -->
        <test-method signature="loginWithUsernamePassword(java.lang.String,java.lang.String,java.lang.String,java.lang.String,java.lang.String,java.lang.String)[pri:0, instance:com.testing.tests.LoginTest@4d5650ae]" started-at="2026-03-18T13:22:06 IST" name="loginWithUsernamePassword" data-provider="loginData" finished-at="2026-03-18T13:22:09 IST" duration-ms="2817" status="PASS">
          <params>
            <param index="0">
              <value>
                <![CDATA[wronguser]]>
              </value>
            </param>
            <param index="1">
              <value>
                <![CDATA[wrongpassword]]>
              </value>
            </param>
            <param index="2">
              <value>
                <![CDATA[]]>
              </value>
            </param>
            <param index="3">
              <value>
                <![CDATA[]]>
              </value>
            </param>
            <param index="4">
              <value>
                <![CDATA[error]]>
              </value>
            </param>
            <param index="5">
              <value>
                <![CDATA[Incorrect username/password.]]>
              </value>
            </param>
          </params>
          <reporter-output>
          </reporter-output>
        </test-method> <!-- loginWithUsernamePassword -->
        <test-method is-config="true" signature="tearDown()[pri:0, instance:com.testing.tests.LoginTest@4d5650ae]" started-at="2026-03-18T13:22:09 IST" name="tearDown" finished-at="2026-03-18T13:22:09 IST" duration-ms="148" status="PASS">
          <reporter-output>
          </reporter-output>
        </test-method> <!-- tearDown -->
        <test-method is-config="true" signature="setup(java.lang.String,java.lang.String)[pri:0, instance:com.testing.tests.LoginTest@4d5650ae]" started-at="2026-03-18T13:22:09 IST" name="setup" finished-at="2026-03-18T13:22:14 IST" duration-ms="4968" status="PASS">
          <params>
            <param index="0">
              <value>
                <![CDATA[chrome]]>
              </value>
            </param>
            <param index="1">
              <value>
                <![CDATA[local]]>
              </value>
            </param>
          </params>
          <reporter-output>
          </reporter-output>
        </test-method> <!-- setup -->
        <test-method signature="loginWithUsernamePassword(java.lang.String,java.lang.String,java.lang.String,java.lang.String,java.lang.String,java.lang.String)[pri:0, instance:com.testing.tests.LoginTest@4d5650ae]" started-at="2026-03-18T13:22:14 IST" name="loginWithUsernamePassword" data-provider="loginData" finished-at="2026-03-18T13:22:17 IST" duration-ms="3252" status="PASS">
          <params>
            <param index="0">
              <value>
                <![CDATA[rahulshettyacademy]]>
              </value>
            </param>
            <param index="1">
              <value>
                <![CDATA[wrongpassword]]>
              </value>
            </param>
            <param index="2">
              <value>
                <![CDATA[]]>
              </value>
            </param>
            <param index="3">
              <value>
                <![CDATA[]]>
              </value>
            </param>
            <param index="4">
              <value>
                <![CDATA[error]]>
              </value>
            </param>
            <param index="5">
              <value>
                <![CDATA[Incorrect username/password.]]>
              </value>
            </param>
          </params>
          <reporter-output>
          </reporter-output>
        </test-method> <!-- loginWithUsernamePassword -->
        <test-method is-config="true" signature="tearDown()[pri:0, instance:com.testing.tests.LoginTest@4d5650ae]" started-at="2026-03-18T13:22:17 IST" name="tearDown" finished-at="2026-03-18T13:22:17 IST" duration-ms="194" status="PASS">
          <reporter-output>
          </reporter-output>
        </test-method> <!-- tearDown -->
        <test-method is-config="true" signature="setup(java.lang.String,java.lang.String)[pri:0, instance:com.testing.tests.LoginTest@4d5650ae]" started-at="2026-03-18T13:22:17 IST" name="setup" finished-at="2026-03-18T13:22:24 IST" duration-ms="6550" status="PASS">
          <params>
            <param index="0">
              <value>
                <![CDATA[chrome]]>
              </value>
            </param>
            <param index="1">
              <value>
                <![CDATA[local]]>
              </value>
            </param>
          </params>
          <reporter-output>
          </reporter-output>
        </test-method> <!-- setup -->
        <test-method signature="loginWithUsernamePassword(java.lang.String,java.lang.String,java.lang.String,java.lang.String,java.lang.String,java.lang.String)[pri:0, instance:com.testing.tests.LoginTest@4d5650ae]" started-at="2026-03-18T13:22:24 IST" name="loginWithUsernamePassword" data-provider="loginData" finished-at="2026-03-18T13:22:24 IST" duration-ms="580" status="PASS">
          <params>
            <param index="0">
              <value>
                <![CDATA[]]>
              </value>
            </param>
            <param index="1">
              <value>
                <![CDATA[]]>
              </value>
            </param>
            <param index="2">
              <value>
                <![CDATA[]]>
              </value>
            </param>
            <param index="3">
              <value>
                <![CDATA[]]>
              </value>
            </param>
            <param index="4">
              <value>
                <![CDATA[error]]>
              </value>
            </param>
            <param index="5">
              <value>
                <![CDATA[Empty username/password.]]>
              </value>
            </param>
          </params>
          <reporter-output>
          </reporter-output>
        </test-method> <!-- loginWithUsernamePassword -->
        <test-method is-config="true" signature="tearDown()[pri:0, instance:com.testing.tests.LoginTest@4d5650ae]" started-at="2026-03-18T13:22:24 IST" name="tearDown" finished-at="2026-03-18T13:22:24 IST" duration-ms="172" status="PASS">
          <reporter-output>
          </reporter-output>
        </test-method> <!-- tearDown -->
        <test-method is-config="true" signature="setup(java.lang.String,java.lang.String)[pri:0, instance:com.testing.tests.LoginTest@4d5650ae]" started-at="2026-03-18T13:22:24 IST" name="setup" finished-at="2026-03-18T13:22:32 IST" duration-ms="7736" status="PASS">
          <params>
            <param index="0">
              <value>
                <![CDATA[chrome]]>
              </value>
            </param>
            <param index="1">
              <value>
                <![CDATA[local]]>
              </value>
            </param>
          </params>
          <reporter-output>
          </reporter-output>
        </test-method> <!-- setup -->
        <test-method signature="loginWithUsernamePassword(java.lang.String,java.lang.String,java.lang.String,java.lang.String,java.lang.String,java.lang.String)[pri:0, instance:com.testing.tests.LoginTest@4d5650ae]" started-at="2026-03-18T13:22:32 IST" name="loginWithUsernamePassword" data-provider="loginData" finished-at="2026-03-18T13:22:33 IST" duration-ms="674" status="PASS">
          <params>
            <param index="0">
              <value>
                <![CDATA[rahulshettyacademy]]>
              </value>
            </param>
            <param index="1">
              <value>
                <![CDATA[]]>
              </value>
            </param>
            <param index="2">
              <value>
                <![CDATA[]]>
              </value>
            </param>
            <param index="3">
              <value>
                <![CDATA[]]>
              </value>
            </param>
            <param index="4">
              <value>
                <![CDATA[error]]>
              </value>
            </param>
            <param index="5">
              <value>
                <![CDATA[Empty username/password.]]>
              </value>
            </param>
          </params>
          <reporter-output>
          </reporter-output>
        </test-method> <!-- loginWithUsernamePassword -->
        <test-method is-config="true" signature="tearDown()[pri:0, instance:com.testing.tests.LoginTest@4d5650ae]" started-at="2026-03-18T13:22:33 IST" name="tearDown" finished-at="2026-03-18T13:22:33 IST" duration-ms="187" status="PASS">
          <reporter-output>
          </reporter-output>
        </test-method> <!-- tearDown -->
        <test-method is-config="true" signature="setup(java.lang.String,java.lang.String)[pri:0, instance:com.testing.tests.LoginTest@4d5650ae]" started-at="2026-03-18T13:22:33 IST" name="setup" finished-at="2026-03-18T13:22:39 IST" duration-ms="5614" status="PASS">
          <params>
            <param index="0">
              <value>
                <![CDATA[chrome]]>
              </value>
            </param>
            <param index="1">
              <value>
                <![CDATA[local]]>
              </value>
            </param>
          </params>
          <reporter-output>
          </reporter-output>
        </test-method> <!-- setup -->
        <test-method signature="testLogin()[pri:0, instance:com.testing.tests.LoginTest@4d5650ae]" started-at="2026-03-18T13:22:39 IST" name="testLogin" finished-at="2026-03-18T13:22:39 IST" duration-ms="1" status="PASS">
          <reporter-output>
          </reporter-output>
        </test-method> <!-- testLogin -->
        <test-method is-config="true" signature="tearDown()[pri:0, instance:com.testing.tests.LoginTest@4d5650ae]" started-at="2026-03-18T13:22:39 IST" name="tearDown" finished-at="2026-03-18T13:22:39 IST" duration-ms="147" status="PASS">
          <reporter-output>
          </reporter-output>
        </test-method> <!-- tearDown -->
      </class> <!-- com.testing.tests.LoginTest -->
    </test> <!-- TestChrome -->
    <test started-at="2026-03-18T13:21:33 IST" name="TestEdge" finished-at="2026-03-18T13:22:50 IST" duration-ms="76717">
      <class name="com.testing.tests.LoginTest">
        <test-method is-config="true" signature="setup(java.lang.String,java.lang.String)[pri:0, instance:com.testing.tests.LoginTest@75437611]" started-at="2026-03-18T13:21:34 IST" name="setup" finished-at="2026-03-18T13:21:42 IST" duration-ms="7488" status="PASS">
          <params>
            <param index="0">
              <value>
                <![CDATA[edge]]>
              </value>
            </param>
            <param index="1">
              <value>
                <![CDATA[local]]>
              </value>
            </param>
          </params>
          <reporter-output>
          </reporter-output>
        </test-method> <!-- setup -->
        <test-method signature="loginWithUsernamePassword(java.lang.String,java.lang.String,java.lang.String,java.lang.String,java.lang.String,java.lang.String)[pri:0, instance:com.testing.tests.LoginTest@75437611]" started-at="2026-03-18T13:21:42 IST" name="loginWithUsernamePassword" data-provider="loginData" finished-at="2026-03-18T13:21:46 IST" duration-ms="4328" status="PASS">
          <params>
            <param index="0">
              <value>
                <![CDATA[rahulshettyacademy]]>
              </value>
            </param>
            <param index="1">
              <value>
                <![CDATA[Learning@830$3mK2]]>
              </value>
            </param>
            <param index="2">
              <value>
                <![CDATA[admin]]>
              </value>
            </param>
            <param index="3">
              <value>
                <![CDATA[]]>
              </value>
            </param>
            <param index="4">
              <value>
                <![CDATA[Success]]>
              </value>
            </param>
            <param index="5">
              <value>
                <![CDATA[]]>
              </value>
            </param>
          </params>
          <reporter-output>
          </reporter-output>
        </test-method> <!-- loginWithUsernamePassword -->
        <test-method is-config="true" signature="tearDown()[pri:0, instance:com.testing.tests.LoginTest@75437611]" started-at="2026-03-18T13:21:46 IST" name="tearDown" finished-at="2026-03-18T13:21:47 IST" duration-ms="1322" status="PASS">
          <reporter-output>
          </reporter-output>
        </test-method> <!-- tearDown -->
        <test-method is-config="true" signature="setup(java.lang.String,java.lang.String)[pri:0, instance:com.testing.tests.LoginTest@75437611]" started-at="2026-03-18T13:21:47 IST" name="setup" finished-at="2026-03-18T13:21:55 IST" duration-ms="7983" status="PASS">
          <params>
            <param index="0">
              <value>
                <![CDATA[edge]]>
              </value>
            </param>
            <param index="1">
              <value>
                <![CDATA[local]]>
              </value>
            </param>
          </params>
          <reporter-output>
          </reporter-output>
        </test-method> <!-- setup -->
        <test-method signature="loginWithUsernamePassword(java.lang.String,java.lang.String,java.lang.String,java.lang.String,java.lang.String,java.lang.String)[pri:0, instance:com.testing.tests.LoginTest@75437611]" started-at="2026-03-18T13:21:55 IST" name="loginWithUsernamePassword" data-provider="loginData" finished-at="2026-03-18T13:22:01 IST" duration-ms="6031" status="PASS">
          <params>
            <param index="0">
              <value>
                <![CDATA[rahulshettyacademy]]>
              </value>
            </param>
            <param index="1">
              <value>
                <![CDATA[Learning@830$3mK2]]>
              </value>
            </param>
            <param index="2">
              <value>
                <![CDATA[user]]>
              </value>
            </param>
            <param index="3">
              <value>
                <![CDATA[]]>
              </value>
            </param>
            <param index="4">
              <value>
                <![CDATA[Success]]>
              </value>
            </param>
            <param index="5">
              <value>
                <![CDATA[]]>
              </value>
            </param>
          </params>
          <reporter-output>
          </reporter-output>
        </test-method> <!-- loginWithUsernamePassword -->
        <test-method is-config="true" signature="tearDown()[pri:0, instance:com.testing.tests.LoginTest@75437611]" started-at="2026-03-18T13:22:01 IST" name="tearDown" finished-at="2026-03-18T13:22:03 IST" duration-ms="1320" status="PASS">
          <reporter-output>
          </reporter-output>
        </test-method> <!-- tearDown -->
        <test-method is-config="true" signature="setup(java.lang.String,java.lang.String)[pri:0, instance:com.testing.tests.LoginTest@75437611]" started-at="2026-03-18T13:22:03 IST" name="setup" finished-at="2026-03-18T13:22:09 IST" duration-ms="6316" status="PASS">
          <params>
            <param index="0">
              <value>
                <![CDATA[edge]]>
              </value>
            </param>
            <param index="1">
              <value>
                <![CDATA[local]]>
              </value>
            </param>
          </params>
          <reporter-output>
          </reporter-output>
        </test-method> <!-- setup -->
        <test-method signature="loginWithUsernamePassword(java.lang.String,java.lang.String,java.lang.String,java.lang.String,java.lang.String,java.lang.String)[pri:0, instance:com.testing.tests.LoginTest@75437611]" started-at="2026-03-18T13:22:09 IST" name="loginWithUsernamePassword" data-provider="loginData" finished-at="2026-03-18T13:22:12 IST" duration-ms="3108" status="PASS">
          <params>
            <param index="0">
              <value>
                <![CDATA[wronguser]]>
              </value>
            </param>
            <param index="1">
              <value>
                <![CDATA[wrongpassword]]>
              </value>
            </param>
            <param index="2">
              <value>
                <![CDATA[]]>
              </value>
            </param>
            <param index="3">
              <value>
                <![CDATA[]]>
              </value>
            </param>
            <param index="4">
              <value>
                <![CDATA[error]]>
              </value>
            </param>
            <param index="5">
              <value>
                <![CDATA[Incorrect username/password.]]>
              </value>
            </param>
          </params>
          <reporter-output>
          </reporter-output>
        </test-method> <!-- loginWithUsernamePassword -->
        <test-method is-config="true" signature="tearDown()[pri:0, instance:com.testing.tests.LoginTest@75437611]" started-at="2026-03-18T13:22:12 IST" name="tearDown" finished-at="2026-03-18T13:22:13 IST" duration-ms="1324" status="PASS">
          <reporter-output>
          </reporter-output>
        </test-method> <!-- tearDown -->
        <test-method is-config="true" signature="setup(java.lang.String,java.lang.String)[pri:0, instance:com.testing.tests.LoginTest@75437611]" started-at="2026-03-18T13:22:13 IST" name="setup" finished-at="2026-03-18T13:22:20 IST" duration-ms="7032" status="PASS">
          <params>
            <param index="0">
              <value>
                <![CDATA[edge]]>
              </value>
            </param>
            <param index="1">
              <value>
                <![CDATA[local]]>
              </value>
            </param>
          </params>
          <reporter-output>
          </reporter-output>
        </test-method> <!-- setup -->
        <test-method signature="loginWithUsernamePassword(java.lang.String,java.lang.String,java.lang.String,java.lang.String,java.lang.String,java.lang.String)[pri:0, instance:com.testing.tests.LoginTest@75437611]" started-at="2026-03-18T13:22:20 IST" name="loginWithUsernamePassword" data-provider="loginData" finished-at="2026-03-18T13:22:23 IST" duration-ms="2899" status="PASS">
          <params>
            <param index="0">
              <value>
                <![CDATA[rahulshettyacademy]]>
              </value>
            </param>
            <param index="1">
              <value>
                <![CDATA[wrongpassword]]>
              </value>
            </param>
            <param index="2">
              <value>
                <![CDATA[]]>
              </value>
            </param>
            <param index="3">
              <value>
                <![CDATA[]]>
              </value>
            </param>
            <param index="4">
              <value>
                <![CDATA[error]]>
              </value>
            </param>
            <param index="5">
              <value>
                <![CDATA[Incorrect username/password.]]>
              </value>
            </param>
          </params>
          <reporter-output>
          </reporter-output>
        </test-method> <!-- loginWithUsernamePassword -->
        <test-method is-config="true" signature="tearDown()[pri:0, instance:com.testing.tests.LoginTest@75437611]" started-at="2026-03-18T13:22:23 IST" name="tearDown" finished-at="2026-03-18T13:22:25 IST" duration-ms="1349" status="PASS">
          <reporter-output>
          </reporter-output>
        </test-method> <!-- tearDown -->
        <test-method is-config="true" signature="setup(java.lang.String,java.lang.String)[pri:0, instance:com.testing.tests.LoginTest@75437611]" started-at="2026-03-18T13:22:25 IST" name="setup" finished-at="2026-03-18T13:22:32 IST" duration-ms="7740" status="PASS">
          <params>
            <param index="0">
              <value>
                <![CDATA[edge]]>
              </value>
            </param>
            <param index="1">
              <value>
                <![CDATA[local]]>
              </value>
            </param>
          </params>
          <reporter-output>
          </reporter-output>
        </test-method> <!-- setup -->
        <test-method signature="loginWithUsernamePassword(java.lang.String,java.lang.String,java.lang.String,java.lang.String,java.lang.String,java.lang.String)[pri:0, instance:com.testing.tests.LoginTest@75437611]" started-at="2026-03-18T13:22:32 IST" name="loginWithUsernamePassword" data-provider="loginData" finished-at="2026-03-18T13:22:33 IST" duration-ms="696" status="PASS">
          <params>
            <param index="0">
              <value>
                <![CDATA[]]>
              </value>
            </param>
            <param index="1">
              <value>
                <![CDATA[]]>
              </value>
            </param>
            <param index="2">
              <value>
                <![CDATA[]]>
              </value>
            </param>
            <param index="3">
              <value>
                <![CDATA[]]>
              </value>
            </param>
            <param index="4">
              <value>
                <![CDATA[error]]>
              </value>
            </param>
            <param index="5">
              <value>
                <![CDATA[Empty username/password.]]>
              </value>
            </param>
          </params>
          <reporter-output>
          </reporter-output>
        </test-method> <!-- loginWithUsernamePassword -->
        <test-method is-config="true" signature="tearDown()[pri:0, instance:com.testing.tests.LoginTest@75437611]" started-at="2026-03-18T13:22:33 IST" name="tearDown" finished-at="2026-03-18T13:22:34 IST" duration-ms="1298" status="PASS">
          <reporter-output>
          </reporter-output>
        </test-method> <!-- tearDown -->
        <test-method is-config="true" signature="setup(java.lang.String,java.lang.String)[pri:0, instance:com.testing.tests.LoginTest@75437611]" started-at="2026-03-18T13:22:34 IST" name="setup" finished-at="2026-03-18T13:22:41 IST" duration-ms="6824" status="PASS">
          <params>
            <param index="0">
              <value>
                <![CDATA[edge]]>
              </value>
            </param>
            <param index="1">
              <value>
                <![CDATA[local]]>
              </value>
            </param>
          </params>
          <reporter-output>
          </reporter-output>
        </test-method> <!-- setup -->
        <test-method signature="loginWithUsernamePassword(java.lang.String,java.lang.String,java.lang.String,java.lang.String,java.lang.String,java.lang.String)[pri:0, instance:com.testing.tests.LoginTest@75437611]" started-at="2026-03-18T13:22:41 IST" name="loginWithUsernamePassword" data-provider="loginData" finished-at="2026-03-18T13:22:42 IST" duration-ms="610" status="PASS">
          <params>
            <param index="0">
              <value>
                <![CDATA[rahulshettyacademy]]>
              </value>
            </param>
            <param index="1">
              <value>
                <![CDATA[]]>
              </value>
            </param>
            <param index="2">
              <value>
                <![CDATA[]]>
              </value>
            </param>
            <param index="3">
              <value>
                <![CDATA[]]>
              </value>
            </param>
            <param index="4">
              <value>
                <![CDATA[error]]>
              </value>
            </param>
            <param index="5">
              <value>
                <![CDATA[Empty username/password.]]>
              </value>
            </param>
          </params>
          <reporter-output>
          </reporter-output>
        </test-method> <!-- loginWithUsernamePassword -->
        <test-method is-config="true" signature="tearDown()[pri:0, instance:com.testing.tests.LoginTest@75437611]" started-at="2026-03-18T13:22:42 IST" name="tearDown" finished-at="2026-03-18T13:22:43 IST" duration-ms="834" status="PASS">
          <reporter-output>
          </reporter-output>
        </test-method> <!-- tearDown -->
        <test-method is-config="true" signature="setup(java.lang.String,java.lang.String)[pri:0, instance:com.testing.tests.LoginTest@75437611]" started-at="2026-03-18T13:22:43 IST" name="setup" finished-at="2026-03-18T13:22:49 IST" duration-ms="5996" status="PASS">
          <params>
            <param index="0">
              <value>
                <![CDATA[edge]]>
              </value>
            </param>
            <param index="1">
              <value>
                <![CDATA[local]]>
              </value>
            </param>
          </params>
          <reporter-output>
          </reporter-output>
        </test-method> <!-- setup -->
        <test-method signature="testLogin()[pri:0, instance:com.testing.tests.LoginTest@75437611]" started-at="2026-03-18T13:22:49 IST" name="testLogin" finished-at="2026-03-18T13:22:49 IST" duration-ms="15" status="PASS">
          <reporter-output>
          </reporter-output>
        </test-method> <!-- testLogin -->
        <test-method is-config="true" signature="tearDown()[pri:0, instance:com.testing.tests.LoginTest@75437611]" started-at="2026-03-18T13:22:49 IST" name="tearDown" finished-at="2026-03-18T13:22:50 IST" duration-ms="1266" status="PASS">
          <reporter-output>
          </reporter-output>
        </test-method> <!-- tearDown -->
      </class> <!-- com.testing.tests.LoginTest -->
    </test> <!-- TestEdge -->
  </suite> <!-- Suite -->
</testng-results>
