<?xml version="1.0" encoding="UTF-8"?>
<testng-results ignored="0" total="14" passed="14" failed="0" skipped="0">
  <reporter-output>
  </reporter-output>
  <suite started-at="2026-03-20T10:45:12 IST" name="Suite" finished-at="2026-03-20T10:51:22 IST" duration-ms="369786">
    <groups>
    </groups>
    <test started-at="2026-03-20T10:45:12 IST" name="TestChrome" finished-at="2026-03-20T10:49:05 IST" duration-ms="232407">
      <class name="com.testing.tests.LoginTest">
        <test-method is-config="true" signature="setup(java.lang.String,java.lang.String)[pri:0, instance:com.testing.tests.LoginTest@4d5650ae]" started-at="2026-03-20T10:45:14 IST" name="setup" finished-at="2026-03-20T10:45:46 IST" duration-ms="32462" status="PASS">
          <params>
            <param index="0">
              <value>
                <![CDATA[chrome]]>
              </value>
            </param>
            <param index="1">
              <value>
                <![CDATA[grid]]>
              </value>
            </param>
          </params>
          <reporter-output>
          </reporter-output>
        </test-method> <!-- setup -->
        <test-method signature="loginWithUsernamePassword(java.lang.String,java.lang.String,java.lang.String,java.lang.String,java.lang.String,java.lang.String)[pri:0, instance:com.testing.tests.LoginTest@4d5650ae]" started-at="2026-03-20T10:45:46 IST" name="loginWithUsernamePassword" data-provider="loginData" finished-at="2026-03-20T10:45:54 IST" duration-ms="8096" status="PASS">
          <params>
            <param index="0">
              <value>
                <![CDATA[rahulshettyacademy]]>
              </value>
            </param>
            <param index="1">
              <value>
                <![CDATA[Learning@830$3mK2]]>
              </value>
            </param>
            <param index="2">
              <value>
                <![CDATA[admin]]>
              </value>
            </param>
            <param index="3">
              <value>
                <![CDATA[]]>
              </value>
            </param>
            <param index="4">
              <value>
                <![CDATA[Success]]>
              </value>
            </param>
            <param index="5">
              <value>
                <![CDATA[]]>
              </value>
            </param>
          </params>
          <reporter-output>
          </reporter-output>
        </test-method> <!-- loginWithUsernamePassword -->
        <test-method is-config="true" signature="tearDown()[pri:0, instance:com.testing.tests.LoginTest@4d5650ae]" started-at="2026-03-20T10:45:54 IST" name="tearDown" finished-at="2026-03-20T10:45:58 IST" duration-ms="3561" status="PASS">
          <reporter-output>
          </reporter-output>
        </test-method> <!-- tearDown -->
        <test-method is-config="true" signature="setup(java.lang.String,java.lang.String)[pri:0, instance:com.testing.tests.LoginTest@4d5650ae]" started-at="2026-03-20T10:45:58 IST" name="setup" finished-at="2026-03-20T10:46:20 IST" duration-ms="22054" status="PASS">
          <params>
            <param index="0">
              <value>
                <![CDATA[chrome]]>
              </value>
            </param>
            <param index="1">
              <value>
                <![CDATA[grid]]>
              </value>
            </param>
          </params>
          <reporter-output>
          </reporter-output>
        </test-method> <!-- setup -->
        <test-method signature="loginWithUsernamePassword(java.lang.String,java.lang.String,java.lang.String,java.lang.String,java.lang.String,java.lang.String)[pri:0, instance:com.testing.tests.LoginTest@4d5650ae]" started-at="2026-03-20T10:46:20 IST" name="loginWithUsernamePassword" data-provider="loginData" finished-at="2026-03-20T10:46:29 IST" duration-ms="8960" status="PASS">
          <params>
            <param index="0">
              <value>
                <![CDATA[rahulshettyacademy]]>
              </value>
            </param>
            <param index="1">
              <value>
                <![CDATA[Learning@830$3mK2]]>
              </value>
            </param>
            <param index="2">
              <value>
                <![CDATA[user]]>
              </value>
            </param>
            <param index="3">
              <value>
                <![CDATA[]]>
              </value>
            </param>
            <param index="4">
              <value>
                <![CDATA[Success]]>
              </value>
            </param>
            <param index="5">
              <value>
                <![CDATA[]]>
              </value>
            </param>
          </params>
          <reporter-output>
          </reporter-output>
        </test-method> <!-- loginWithUsernamePassword -->
        <test-method is-config="true" signature="tearDown()[pri:0, instance:com.testing.tests.LoginTest@4d5650ae]" started-at="2026-03-20T10:46:29 IST" name="tearDown" finished-at="2026-03-20T10:46:32 IST" duration-ms="3443" status="PASS">
          <reporter-output>
          </reporter-output>
        </test-method> <!-- tearDown -->
        <test-method is-config="true" signature="setup(java.lang.String,java.lang.String)[pri:0, instance:com.testing.tests.LoginTest@4d5650ae]" started-at="2026-03-20T10:46:32 IST" name="setup" finished-at="2026-03-20T10:47:02 IST" duration-ms="30133" status="PASS">
          <params>
            <param index="0">
              <value>
                <![CDATA[chrome]]>
              </value>
            </param>
            <param index="1">
              <value>
                <![CDATA[grid]]>
              </value>
            </param>
          </params>
          <reporter-output>
          </reporter-output>
        </test-method> <!-- setup -->
        <test-method signature="loginWithUsernamePassword(java.lang.String,java.lang.String,java.lang.String,java.lang.String,java.lang.String,java.lang.String)[pri:0, instance:com.testing.tests.LoginTest@4d5650ae]" started-at="2026-03-20T10:47:02 IST" name="loginWithUsernamePassword" data-provider="loginData" finished-at="2026-03-20T10:47:06 IST" duration-ms="3319" status="PASS">
          <params>
            <param index="0">
              <value>
                <![CDATA[wronguser]]>
              </value>
            </param>
            <param index="1">
              <value>
                <![CDATA[wrongpassword]]>
              </value>
            </param>
            <param index="2">
              <value>
                <![CDATA[]]>
              </value>
            </param>
            <param index="3">
              <value>
                <![CDATA[]]>
              </value>
            </param>
            <param index="4">
              <value>
                <![CDATA[error]]>
              </value>
            </param>
            <param index="5">
              <value>
                <![CDATA[Incorrect username/password.]]>
              </value>
            </param>
          </params>
          <reporter-output>
          </reporter-output>
        </test-method> <!-- loginWithUsernamePassword -->
        <test-method is-config="true" signature="tearDown()[pri:0, instance:com.testing.tests.LoginTest@4d5650ae]" started-at="2026-03-20T10:47:06 IST" name="tearDown" finished-at="2026-03-20T10:47:08 IST" duration-ms="2743" status="PASS">
          <reporter-output>
          </reporter-output>
        </test-method> <!-- tearDown -->
        <test-method is-config="true" signature="setup(java.lang.String,java.lang.String)[pri:0, instance:com.testing.tests.LoginTest@4d5650ae]" started-at="2026-03-20T10:47:08 IST" name="setup" finished-at="2026-03-20T10:47:32 IST" duration-ms="23698" status="PASS">
          <params>
            <param index="0">
              <value>
                <![CDATA[chrome]]>
              </value>
            </param>
            <param index="1">
              <value>
                <![CDATA[grid]]>
              </value>
            </param>
          </params>
          <reporter-output>
          </reporter-output>
        </test-method> <!-- setup -->
        <test-method signature="loginWithUsernamePassword(java.lang.String,java.lang.String,java.lang.String,java.lang.String,java.lang.String,java.lang.String)[pri:0, instance:com.testing.tests.LoginTest@4d5650ae]" started-at="2026-03-20T10:47:32 IST" name="loginWithUsernamePassword" data-provider="loginData" finished-at="2026-03-20T10:47:36 IST" duration-ms="3332" status="PASS">
          <params>
            <param index="0">
              <value>
                <![CDATA[rahulshettyacademy]]>
              </value>
            </param>
            <param index="1">
              <value>
                <![CDATA[wrongpassword]]>
              </value>
            </param>
            <param index="2">
              <value>
                <![CDATA[]]>
              </value>
            </param>
            <param index="3">
              <value>
                <![CDATA[]]>
              </value>
            </param>
            <param index="4">
              <value>
                <![CDATA[error]]>
              </value>
            </param>
            <param index="5">
              <value>
                <![CDATA[Incorrect username/password.]]>
              </value>
            </param>
          </params>
          <reporter-output>
          </reporter-output>
        </test-method> <!-- loginWithUsernamePassword -->
        <test-method is-config="true" signature="tearDown()[pri:0, instance:com.testing.tests.LoginTest@4d5650ae]" started-at="2026-03-20T10:47:36 IST" name="tearDown" finished-at="2026-03-20T10:47:39 IST" duration-ms="3178" status="PASS">
          <reporter-output>
          </reporter-output>
        </test-method> <!-- tearDown -->
        <test-method is-config="true" signature="setup(java.lang.String,java.lang.String)[pri:0, instance:com.testing.tests.LoginTest@4d5650ae]" started-at="2026-03-20T10:47:39 IST" name="setup" finished-at="2026-03-20T10:48:07 IST" duration-ms="28173" status="PASS">
          <params>
            <param index="0">
              <value>
                <![CDATA[chrome]]>
              </value>
            </param>
            <param index="1">
              <value>
                <![CDATA[grid]]>
              </value>
            </param>
          </params>
          <reporter-output>
          </reporter-output>
        </test-method> <!-- setup -->
        <test-method signature="loginWithUsernamePassword(java.lang.String,java.lang.String,java.lang.String,java.lang.String,java.lang.String,java.lang.String)[pri:0, instance:com.testing.tests.LoginTest@4d5650ae]" started-at="2026-03-20T10:48:07 IST" name="loginWithUsernamePassword" data-provider="loginData" finished-at="2026-03-20T10:48:08 IST" duration-ms="915" status="PASS">
          <params>
            <param index="0">
              <value>
                <![CDATA[]]>
              </value>
            </param>
            <param index="1">
              <value>
                <![CDATA[]]>
              </value>
            </param>
            <param index="2">
              <value>
                <![CDATA[]]>
              </value>
            </param>
            <param index="3">
              <value>
                <![CDATA[]]>
              </value>
            </param>
            <param index="4">
              <value>
                <![CDATA[error]]>
              </value>
            </param>
            <param index="5">
              <value>
                <![CDATA[Empty username/password.]]>
              </value>
            </param>
          </params>
          <reporter-output>
          </reporter-output>
        </test-method> <!-- loginWithUsernamePassword -->
        <test-method is-config="true" signature="tearDown()[pri:0, instance:com.testing.tests.LoginTest@4d5650ae]" started-at="2026-03-20T10:48:08 IST" name="tearDown" finished-at="2026-03-20T10:48:11 IST" duration-ms="2717" status="PASS">
          <reporter-output>
          </reporter-output>
        </test-method> <!-- tearDown -->
        <test-method is-config="true" signature="setup(java.lang.String,java.lang.String)[pri:0, instance:com.testing.tests.LoginTest@4d5650ae]" started-at="2026-03-20T10:48:11 IST" name="setup" finished-at="2026-03-20T10:48:35 IST" duration-ms="24047" status="PASS">
          <params>
            <param index="0">
              <value>
                <![CDATA[chrome]]>
              </value>
            </param>
            <param index="1">
              <value>
                <![CDATA[grid]]>
              </value>
            </param>
          </params>
          <reporter-output>
          </reporter-output>
        </test-method> <!-- setup -->
        <test-method signature="loginWithUsernamePassword(java.lang.String,java.lang.String,java.lang.String,java.lang.String,java.lang.String,java.lang.String)[pri:0, instance:com.testing.tests.LoginTest@4d5650ae]" started-at="2026-03-20T10:48:35 IST" name="loginWithUsernamePassword" data-provider="loginData" finished-at="2026-03-20T10:48:35 IST" duration-ms="942" status="PASS">
          <params>
            <param index="0">
              <value>
                <![CDATA[rahulshettyacademy]]>
              </value>
            </param>
            <param index="1">
              <value>
                <![CDATA[]]>
              </value>
            </param>
            <param index="2">
              <value>
                <![CDATA[]]>
              </value>
            </param>
            <param index="3">
              <value>
                <![CDATA[]]>
              </value>
            </param>
            <param index="4">
              <value>
                <![CDATA[error]]>
              </value>
            </param>
            <param index="5">
              <value>
                <![CDATA[Empty username/password.]]>
              </value>
            </param>
          </params>
          <reporter-output>
          </reporter-output>
        </test-method> <!-- loginWithUsernamePassword -->
        <test-method is-config="true" signature="tearDown()[pri:0, instance:com.testing.tests.LoginTest@4d5650ae]" started-at="2026-03-20T10:48:35 IST" name="tearDown" finished-at="2026-03-20T10:48:38 IST" duration-ms="2546" status="PASS">
          <reporter-output>
          </reporter-output>
        </test-method> <!-- tearDown -->
        <test-method is-config="true" signature="setup(java.lang.String,java.lang.String)[pri:0, instance:com.testing.tests.LoginTest@4d5650ae]" started-at="2026-03-20T10:48:38 IST" name="setup" finished-at="2026-03-20T10:49:03 IST" duration-ms="24637" status="PASS">
          <params>
            <param index="0">
              <value>
                <![CDATA[chrome]]>
              </value>
            </param>
            <param index="1">
              <value>
                <![CDATA[grid]]>
              </value>
            </param>
          </params>
          <reporter-output>
          </reporter-output>
        </test-method> <!-- setup -->
        <test-method signature="testLogin()[pri:0, instance:com.testing.tests.LoginTest@4d5650ae]" started-at="2026-03-20T10:49:03 IST" name="testLogin" finished-at="2026-03-20T10:49:03 IST" duration-ms="1" status="PASS">
          <reporter-output>
          </reporter-output>
        </test-method> <!-- testLogin -->
        <test-method is-config="true" signature="tearDown()[pri:0, instance:com.testing.tests.LoginTest@4d5650ae]" started-at="2026-03-20T10:49:03 IST" name="tearDown" finished-at="2026-03-20T10:49:05 IST" duration-ms="2224" status="PASS">
          <reporter-output>
          </reporter-output>
        </test-method> <!-- tearDown -->
      </class> <!-- com.testing.tests.LoginTest -->
    </test> <!-- TestChrome -->
    <test started-at="2026-03-20T10:45:12 IST" name="TestEdge" finished-at="2026-03-20T10:51:22 IST" duration-ms="369786">
      <class name="com.testing.tests.LoginTest">
        <test-method is-config="true" signature="setup(java.lang.String,java.lang.String)[pri:0, instance:com.testing.tests.LoginTest@75437611]" started-at="2026-03-20T10:45:14 IST" name="setup" finished-at="2026-03-20T10:45:52 IST" duration-ms="38522" status="PASS">
          <params>
            <param index="0">
              <value>
                <![CDATA[edge]]>
              </value>
            </param>
            <param index="1">
              <value>
                <![CDATA[grid]]>
              </value>
            </param>
          </params>
          <reporter-output>
          </reporter-output>
        </test-method> <!-- setup -->
        <test-method signature="loginWithUsernamePassword(java.lang.String,java.lang.String,java.lang.String,java.lang.String,java.lang.String,java.lang.String)[pri:0, instance:com.testing.tests.LoginTest@75437611]" started-at="2026-03-20T10:45:52 IST" name="loginWithUsernamePassword" data-provider="loginData" finished-at="2026-03-20T10:46:12 IST" duration-ms="19307" status="PASS">
          <params>
            <param index="0">
              <value>
                <![CDATA[rahulshettyacademy]]>
              </value>
            </param>
            <param index="1">
              <value>
                <![CDATA[Learning@830$3mK2]]>
              </value>
            </param>
            <param index="2">
              <value>
                <![CDATA[admin]]>
              </value>
            </param>
            <param index="3">
              <value>
                <![CDATA[]]>
              </value>
            </param>
            <param index="4">
              <value>
                <![CDATA[Success]]>
              </value>
            </param>
            <param index="5">
              <value>
                <![CDATA[]]>
              </value>
            </param>
          </params>
          <reporter-output>
          </reporter-output>
        </test-method> <!-- loginWithUsernamePassword -->
        <test-method is-config="true" signature="tearDown()[pri:0, instance:com.testing.tests.LoginTest@75437611]" started-at="2026-03-20T10:46:12 IST" name="tearDown" finished-at="2026-03-20T10:46:15 IST" duration-ms="3321" status="PASS">
          <reporter-output>
          </reporter-output>
        </test-method> <!-- tearDown -->
        <test-method is-config="true" signature="setup(java.lang.String,java.lang.String)[pri:0, instance:com.testing.tests.LoginTest@75437611]" started-at="2026-03-20T10:46:15 IST" name="setup" finished-at="2026-03-20T10:47:18 IST" duration-ms="63223" status="PASS">
          <params>
            <param index="0">
              <value>
                <![CDATA[edge]]>
              </value>
            </param>
            <param index="1">
              <value>
                <![CDATA[grid]]>
              </value>
            </param>
          </params>
          <reporter-output>
          </reporter-output>
        </test-method> <!-- setup -->
        <test-method signature="loginWithUsernamePassword(java.lang.String,java.lang.String,java.lang.String,java.lang.String,java.lang.String,java.lang.String)[pri:0, instance:com.testing.tests.LoginTest@75437611]" started-at="2026-03-20T10:47:18 IST" name="loginWithUsernamePassword" data-provider="loginData" finished-at="2026-03-20T10:47:25 IST" duration-ms="7064" status="PASS">
          <params>
            <param index="0">
              <value>
                <![CDATA[rahulshettyacademy]]>
              </value>
            </param>
            <param index="1">
              <value>
                <![CDATA[Learning@830$3mK2]]>
              </value>
            </param>
            <param index="2">
              <value>
                <![CDATA[user]]>
              </value>
            </param>
            <param index="3">
              <value>
                <![CDATA[]]>
              </value>
            </param>
            <param index="4">
              <value>
                <![CDATA[Success]]>
              </value>
            </param>
            <param index="5">
              <value>
                <![CDATA[]]>
              </value>
            </param>
          </params>
          <reporter-output>
          </reporter-output>
        </test-method> <!-- loginWithUsernamePassword -->
        <test-method is-config="true" signature="tearDown()[pri:0, instance:com.testing.tests.LoginTest@75437611]" started-at="2026-03-20T10:47:25 IST" name="tearDown" finished-at="2026-03-20T10:47:28 IST" duration-ms="2832" status="PASS">
          <reporter-output>
          </reporter-output>
        </test-method> <!-- tearDown -->
        <test-method is-config="true" signature="setup(java.lang.String,java.lang.String)[pri:0, instance:com.testing.tests.LoginTest@75437611]" started-at="2026-03-20T10:47:28 IST" name="setup" finished-at="2026-03-20T10:48:18 IST" duration-ms="49547" status="PASS">
          <params>
            <param index="0">
              <value>
                <![CDATA[edge]]>
              </value>
            </param>
            <param index="1">
              <value>
                <![CDATA[grid]]>
              </value>
            </param>
          </params>
          <reporter-output>
          </reporter-output>
        </test-method> <!-- setup -->
        <test-method signature="loginWithUsernamePassword(java.lang.String,java.lang.String,java.lang.String,java.lang.String,java.lang.String,java.lang.String)[pri:0, instance:com.testing.tests.LoginTest@75437611]" started-at="2026-03-20T10:48:18 IST" name="loginWithUsernamePassword" data-provider="loginData" finished-at="2026-03-20T10:48:21 IST" duration-ms="3001" status="PASS">
          <params>
            <param index="0">
              <value>
                <![CDATA[wronguser]]>
              </value>
            </param>
            <param index="1">
              <value>
                <![CDATA[wrongpassword]]>
              </value>
            </param>
            <param index="2">
              <value>
                <![CDATA[]]>
              </value>
            </param>
            <param index="3">
              <value>
                <![CDATA[]]>
              </value>
            </param>
            <param index="4">
              <value>
                <![CDATA[error]]>
              </value>
            </param>
            <param index="5">
              <value>
                <![CDATA[Incorrect username/password.]]>
              </value>
            </param>
          </params>
          <reporter-output>
          </reporter-output>
        </test-method> <!-- loginWithUsernamePassword -->
        <test-method is-config="true" signature="tearDown()[pri:0, instance:com.testing.tests.LoginTest@75437611]" started-at="2026-03-20T10:48:21 IST" name="tearDown" finished-at="2026-03-20T10:48:23 IST" duration-ms="2875" status="PASS">
          <reporter-output>
          </reporter-output>
        </test-method> <!-- tearDown -->
        <test-method is-config="true" signature="setup(java.lang.String,java.lang.String)[pri:0, instance:com.testing.tests.LoginTest@75437611]" started-at="2026-03-20T10:48:23 IST" name="setup" finished-at="2026-03-20T10:49:13 IST" duration-ms="49486" status="PASS">
          <params>
            <param index="0">
              <value>
                <![CDATA[edge]]>
              </value>
            </param>
            <param index="1">
              <value>
                <![CDATA[grid]]>
              </value>
            </param>
          </params>
          <reporter-output>
          </reporter-output>
        </test-method> <!-- setup -->
        <test-method signature="loginWithUsernamePassword(java.lang.String,java.lang.String,java.lang.String,java.lang.String,java.lang.String,java.lang.String)[pri:0, instance:com.testing.tests.LoginTest@75437611]" started-at="2026-03-20T10:49:13 IST" name="loginWithUsernamePassword" data-provider="loginData" finished-at="2026-03-20T10:49:16 IST" duration-ms="3346" status="PASS">
          <params>
            <param index="0">
              <value>
                <![CDATA[rahulshettyacademy]]>
              </value>
            </param>
            <param index="1">
              <value>
                <![CDATA[wrongpassword]]>
              </value>
            </param>
            <param index="2">
              <value>
                <![CDATA[]]>
              </value>
            </param>
            <param index="3">
              <value>
                <![CDATA[]]>
              </value>
            </param>
            <param index="4">
              <value>
                <![CDATA[error]]>
              </value>
            </param>
            <param index="5">
              <value>
                <![CDATA[Incorrect username/password.]]>
              </value>
            </param>
          </params>
          <reporter-output>
          </reporter-output>
        </test-method> <!-- loginWithUsernamePassword -->
        <test-method is-config="true" signature="tearDown()[pri:0, instance:com.testing.tests.LoginTest@75437611]" started-at="2026-03-20T10:49:16 IST" name="tearDown" finished-at="2026-03-20T10:49:19 IST" duration-ms="2644" status="PASS">
          <reporter-output>
          </reporter-output>
        </test-method> <!-- tearDown -->
        <test-method is-config="true" signature="setup(java.lang.String,java.lang.String)[pri:0, instance:com.testing.tests.LoginTest@75437611]" started-at="2026-03-20T10:49:19 IST" name="setup" finished-at="2026-03-20T10:49:57 IST" duration-ms="37753" status="PASS">
          <params>
            <param index="0">
              <value>
                <![CDATA[edge]]>
              </value>
            </param>
            <param index="1">
              <value>
                <![CDATA[grid]]>
              </value>
            </param>
          </params>
          <reporter-output>
          </reporter-output>
        </test-method> <!-- setup -->
        <test-method signature="loginWithUsernamePassword(java.lang.String,java.lang.String,java.lang.String,java.lang.String,java.lang.String,java.lang.String)[pri:0, instance:com.testing.tests.LoginTest@75437611]" started-at="2026-03-20T10:49:57 IST" name="loginWithUsernamePassword" data-provider="loginData" finished-at="2026-03-20T10:49:58 IST" duration-ms="1204" status="PASS">
          <params>
            <param index="0">
              <value>
                <![CDATA[]]>
              </value>
            </param>
            <param index="1">
              <value>
                <![CDATA[]]>
              </value>
            </param>
            <param index="2">
              <value>
                <![CDATA[]]>
              </value>
            </param>
            <param index="3">
              <value>
                <![CDATA[]]>
              </value>
            </param>
            <param index="4">
              <value>
                <![CDATA[error]]>
              </value>
            </param>
            <param index="5">
              <value>
                <![CDATA[Empty username/password.]]>
              </value>
            </param>
          </params>
          <reporter-output>
          </reporter-output>
        </test-method> <!-- loginWithUsernamePassword -->
        <test-method is-config="true" signature="tearDown()[pri:0, instance:com.testing.tests.LoginTest@75437611]" started-at="2026-03-20T10:49:58 IST" name="tearDown" finished-at="2026-03-20T10:50:00 IST" duration-ms="1833" status="PASS">
          <reporter-output>
          </reporter-output>
        </test-method> <!-- tearDown -->
        <test-method is-config="true" signature="setup(java.lang.String,java.lang.String)[pri:0, instance:com.testing.tests.LoginTest@75437611]" started-at="2026-03-20T10:50:00 IST" name="setup" finished-at="2026-03-20T10:50:35 IST" duration-ms="35545" status="PASS">
          <params>
            <param index="0">
              <value>
                <![CDATA[edge]]>
              </value>
            </param>
            <param index="1">
              <value>
                <![CDATA[grid]]>
              </value>
            </param>
          </params>
          <reporter-output>
          </reporter-output>
        </test-method> <!-- setup -->
        <test-method signature="loginWithUsernamePassword(java.lang.String,java.lang.String,java.lang.String,java.lang.String,java.lang.String,java.lang.String)[pri:0, instance:com.testing.tests.LoginTest@75437611]" started-at="2026-03-20T10:50:35 IST" name="loginWithUsernamePassword" data-provider="loginData" finished-at="2026-03-20T10:50:36 IST" duration-ms="1046" status="PASS">
          <params>
            <param index="0">
              <value>
                <![CDATA[rahulshettyacademy]]>
              </value>
            </param>
            <param index="1">
              <value>
                <![CDATA[]]>
              </value>
            </param>
            <param index="2">
              <value>
                <![CDATA[]]>
              </value>
            </param>
            <param index="3">
              <value>
                <![CDATA[]]>
              </value>
            </param>
            <param index="4">
              <value>
                <![CDATA[error]]>
              </value>
            </param>
            <param index="5">
              <value>
                <![CDATA[Empty username/password.]]>
              </value>
            </param>
          </params>
          <reporter-output>
          </reporter-output>
        </test-method> <!-- loginWithUsernamePassword -->
        <test-method is-config="true" signature="tearDown()[pri:0, instance:com.testing.tests.LoginTest@75437611]" started-at="2026-03-20T10:50:36 IST" name="tearDown" finished-at="2026-03-20T10:50:39 IST" duration-ms="2422" status="PASS">
          <reporter-output>
          </reporter-output>
        </test-method> <!-- tearDown -->
        <test-method is-config="true" signature="setup(java.lang.String,java.lang.String)[pri:0, instance:com.testing.tests.LoginTest@75437611]" started-at="2026-03-20T10:50:39 IST" name="setup" finished-at="2026-03-20T10:51:20 IST" duration-ms="41272" status="PASS">
          <params>
            <param index="0">
              <value>
                <![CDATA[edge]]>
              </value>
            </param>
            <param index="1">
              <value>
                <![CDATA[grid]]>
              </value>
            </param>
          </params>
          <reporter-output>
          </reporter-output>
        </test-method> <!-- setup -->
        <test-method signature="testLogin()[pri:0, instance:com.testing.tests.LoginTest@75437611]" started-at="2026-03-20T10:51:20 IST" name="testLogin" finished-at="2026-03-20T10:51:20 IST" duration-ms="0" status="PASS">
          <reporter-output>
          </reporter-output>
        </test-method> <!-- testLogin -->
        <test-method is-config="true" signature="tearDown()[pri:0, instance:com.testing.tests.LoginTest@75437611]" started-at="2026-03-20T10:51:20 IST" name="tearDown" finished-at="2026-03-20T10:51:22 IST" duration-ms="2326" status="PASS">
          <reporter-output>
          </reporter-output>
        </test-method> <!-- tearDown -->
      </class> <!-- com.testing.tests.LoginTest -->
    </test> <!-- TestEdge -->
  </suite> <!-- Suite -->
</testng-results>
