<?xml version="1.0" encoding="UTF-8"?>
<!-- Generated by org.testng.reporters.JUnitReportReporter -->
<testsuite hostname="LAPTOP-PF26IT9U" failures="0" tests="12" name="com.testing.tests.LoginTest" time="152.221" errors="0" timestamp="2026-03-15T10:37:29 IST" skipped="0">
  <testcase classname="com.testing.tests.LoginTest" name="loginWithUsernamePassword" time="8.227"/>
  <testcase classname="com.testing.tests.LoginTest" name="loginWithUsernamePassword" time="11.450"/>
  <testcase classname="com.testing.tests.LoginTest" name="loginWithUsernamePassword" time="14.983"/>
  <testcase classname="com.testing.tests.LoginTest" name="loginWithUsernamePassword" time="10.634"/>
  <testcase classname="com.testing.tests.LoginTest" name="loginWithUsernamePassword" time="14.063"/>
  <testcase classname="com.testing.tests.LoginTest" name="loginWithUsernamePassword" time="12.823"/>
  <testcase classname="com.testing.tests.LoginTest" name="loginWithUsernamePassword" time="19.876"/>
  <testcase classname="com.testing.tests.LoginTest" name="loginWithUsernamePassword" time="11.073"/>
  <testcase classname="com.testing.tests.LoginTest" name="loginWithUsernamePassword" time="13.829"/>
  <testcase classname="com.testing.tests.LoginTest" name="loginWithUsernamePassword" time="15.079"/>
  <testcase classname="com.testing.tests.LoginTest" name="loginWithUsernamePassword" time="9.096"/>
  <testcase classname="com.testing.tests.LoginTest" name="loginWithUsernamePassword" time="11.088"/>
</testsuite> <!-- com.testing.tests.LoginTest -->
