<?xml version="1.0" encoding="UTF-8"?>
<!-- Generated by org.testng.reporters.JUnitReportReporter -->
<testsuite hostname="LAPTOP-PF26IT9U" failures="0" tests="14" name="com.testing.tests.LoginTest" time="140.569" errors="0" timestamp="2026-03-18T13:22:50 IST" skipped="0">
  <testcase classname="com.testing.tests.LoginTest" name="testLogin" time="8.313"/>
  <testcase classname="com.testing.tests.LoginTest" name="testLogin" time="6.655"/>
  <testcase classname="com.testing.tests.LoginTest" name="loginWithUsernamePassword" time="9.508"/>
  <testcase classname="com.testing.tests.LoginTest" name="loginWithUsernamePassword" time="10.718"/>
  <testcase classname="com.testing.tests.LoginTest" name="loginWithUsernamePassword" time="9.648"/>
  <testcase classname="com.testing.tests.LoginTest" name="loginWithUsernamePassword" time="12.714"/>
  <testcase classname="com.testing.tests.LoginTest" name="loginWithUsernamePassword" time="10.049"/>
  <testcase classname="com.testing.tests.LoginTest" name="loginWithUsernamePassword" time="15.334"/>
  <testcase classname="com.testing.tests.LoginTest" name="loginWithUsernamePassword" time="10.856"/>
  <testcase classname="com.testing.tests.LoginTest" name="loginWithUsernamePassword" time="5.742"/>
  <testcase classname="com.testing.tests.LoginTest" name="loginWithUsernamePassword" time="9.548"/>
  <testcase classname="com.testing.tests.LoginTest" name="loginWithUsernamePassword" time="8.557"/>
  <testcase classname="com.testing.tests.LoginTest" name="loginWithUsernamePassword" time="11.673"/>
  <testcase classname="com.testing.tests.LoginTest" name="loginWithUsernamePassword" time="11.254"/>
</testsuite> <!-- com.testing.tests.LoginTest -->
