<?xml version="1.0" encoding="UTF-8"?>
<!-- Generated by org.testng.reporters.JUnitReportReporter -->
<testsuite hostname="LAPTOP-PF26IT9U" failures="0" tests="14" name="com.testing.tests.LoginTest" time="599.750" errors="0" timestamp="2026-03-20T10:51:22 IST" skipped="0">
  <testcase classname="com.testing.tests.LoginTest" name="loginWithUsernamePassword" time="57.684"/>
  <testcase classname="com.testing.tests.LoginTest" name="loginWithUsernamePassword" time="26.864"/>
  <testcase classname="com.testing.tests.LoginTest" name="loginWithUsernamePassword" time="32.531"/>
  <testcase classname="com.testing.tests.LoginTest" name="loginWithUsernamePassword" time="54.011"/>
  <testcase classname="com.testing.tests.LoginTest" name="loginWithUsernamePassword" time="73.162"/>
  <testcase classname="com.testing.tests.LoginTest" name="loginWithUsernamePassword" time="46.106"/>
  <testcase classname="com.testing.tests.LoginTest" name="loginWithUsernamePassword" time="53.015"/>
  <testcase classname="com.testing.tests.LoginTest" name="loginWithUsernamePassword" time="28.090"/>
  <testcase classname="com.testing.tests.LoginTest" name="loginWithUsernamePassword" time="43.425"/>
  <testcase classname="com.testing.tests.LoginTest" name="testLogin" time="27.609"/>
  <testcase classname="com.testing.tests.LoginTest" name="testLogin" time="41.166"/>
  <testcase classname="com.testing.tests.LoginTest" name="loginWithUsernamePassword" time="36.643"/>
  <testcase classname="com.testing.tests.LoginTest" name="loginWithUsernamePassword" time="36.340"/>
  <testcase classname="com.testing.tests.LoginTest" name="loginWithUsernamePassword" time="43.104"/>
</testsuite> <!-- com.testing.tests.LoginTest -->
